<?xml version="1.0" encoding="UTF-8" ?>
<testsuite errors="0" failures="0" hostname="demonmix" name="AreaResultTest" skipped="0" tests="1" time="0.045" timestamp="2024-04-29T19:12:51">
  <properties>
    <property name="ant.library.dir" value="D:\IntelliJ IDEA 2022.2.3\lib\ant\lib" />
    <property name="ant.file.type" value="file" />
    <property name="java.specification.version" value="17" />
    <property name="lib" value="lib" />
    <property name="ant.project.name" value="labWeb3" />
    <property name="main.source" value="src/main/java/" />
    <property name="sun.cpu.isalist" value="amd64" />
    <property name="sun.jnu.encoding" value="Cp1251" />
    <property name="java.class.path" value="C:\Users\slava\IdeaProjects\labWeb3\src\test\lib\hamcrest-all-1.3.jar;C:\Users\slava\IdeaProjects\labWeb3\src\test\lib\junit-4.12.jar;C:\Users\slava\IdeaProjects\labWeb3\src\test\lib\junit-platform-commons-1.10.0.jar;C:\Users\slava\IdeaProjects\labWeb3\src\test\lib\junit-platform-engine-1.10.0.jar;C:\Users\slava\IdeaProjects\labWeb3\src\test\lib\junit-platform-launcher-1.10.0.jar;C:\Users\slava\IdeaProjects\labWeb3\target\tests;D:\IntelliJ IDEA 2022.2.3\lib\ant\lib\ant.jar" />
    <property name="alt.source.dir" value="altSrc" />
    <property name="java.vm.vendor" value="Oracle Corporation" />
    <property name="sun.arch.data.model" value="64" />
    <property name="remote_user" value="s367487" />
    <property name="remote_dir_path" value="~/dist" />
    <property name="user.variant" value="" />
    <property name="ant.file.labWeb3" value="C:\Users\slava\IdeaProjects\labWeb3\build.xml" />
    <property name="java.vendor.url" value="https://java.oracle.com/" />
    <property name="source.dir" value="src" />
    <property name="host" value="se.ifmo.ru" />
    <property name="java.vm.specification.version" value="17" />
    <property name="os.name" value="Windows 11" />
    <property name="target.tests" value="target/tests" />
    <property name="sun.java.launcher" value="SUN_STANDARD" />
    <property name="user.country" value="RU" />
    <property name="sun.boot.library.path" value="C:\Program Files\Java\jdk-17.0.4.1\bin" />
    <property name="test.result.dir" value="testResults" />
    <property name="sun.java.command" value="org.apache.tools.ant.taskdefs.optional.junit.JUnitTestRunner AreaResultTest skipNonTests=false filtertrace=true haltOnError=false haltOnFailure=false formatter=org.apache.tools.ant.taskdefs.optional.junit.SummaryJUnitResultFormatter showoutput=false outputtoformatters=true logfailedtests=true threadid=0 logtestlistenerevents=false formatter=org.apache.tools.ant.taskdefs.optional.junit.XMLJUnitResultFormatter,C:\Users\slava\IdeaProjects\labWeb3\testResults\TEST-AreaResultTest.xml crashfile=C:\Users\slava\IdeaProjects\labWeb3\junitvmwatcher11724956682860882225.properties propsfile=C:\Users\slava\IdeaProjects\labWeb3\junit10469470233553358563.properties" />
    <property name="jdk.debug" value="release" />
    <property name="sun.cpu.endian" value="little" />
    <property name="user.home" value="C:\Users\slava" />
    <property name="user.language" value="ru" />
    <property name="java.specification.vendor" value="Oracle Corporation" />
    <property name="java.version.date" value="2022-08-18" />
    <property name="java.home" value="C:\Program Files\Java\jdk-17.0.4.1" />
    <property name="ant.file.type.labWeb3" value="file" />
    <property name="basedir" value="C:\Users\slava\IdeaProjects\labWeb3" />
    <property name="file.separator" value="\" />
    <property name="java.vm.compressedOopsMode" value="Zero based" />
    <property name="line.separator" value="&#xd;&#xa;" />
    <property name="ant.java.version" value="17" />
    <property name="java.specification.name" value="Java Platform API Specification" />
    <property name="java.vm.specification.vendor" value="Oracle Corporation" />
    <property name="port" value="2222" />
    <property name="doc.dir" value="doc" />
    <property name="test.source" value="src/test/java/" />
    <property name="lib.test" value="lib/test" />
    <property name="alt.replace.to" value="Apple" />
    <property name="user.script" value="" />
    <property name="sun.management.compiler" value="HotSpot 64-Bit Tiered Compilers" />
    <property name="java.runtime.version" value="17.0.4.1+1-LTS-2" />
    <property name="user.name" value="slava" />
    <property name="dist.jar" value="distribution/labWeb3.jar" />
    <property name="ant.file" value="C:\Users\slava\IdeaProjects\labWeb3\build.xml" />
    <property name="path.separator" value=";" />
    <property name="os.version" value="10.0" />
    <property name="java.runtime.name" value="Java(TM) SE Runtime Environment" />
    <property name="project.dir" value="." />
    <property name="file.encoding" value="Cp1251" />
    <property name="ant.project.invoked-targets" value="test" />
    <property name="java.vm.name" value="Java HotSpot(TM) 64-Bit Server VM" />
    <property name="dist.jar.name" value="labWeb3.jar" />
    <property name="target.classes" value="target/classes" />
    <property name="dist.dir" value="distribution" />
    <property name="ant.core.lib" value="D:\IntelliJ IDEA 2022.2.3\lib\ant\lib\ant.jar" />
    <property name="java.vendor.url.bug" value="https://bugreport.java.com/bugreport/" />
    <property name="java.io.tmpdir" value="C:\Users\slava\AppData\Local\Temp\" />
    <property name="java.version" value="17.0.4.1" />
    <property name="user.dir" value="C:\Users\slava\IdeaProjects\labWeb3" />
    <property name="os.arch" value="amd64" />
    <property name="alt.replace.from" value="Bean" />
    <property name="java.vm.specification.name" value="Java Virtual Machine Specification" />
    <property name="ant.home" value="D:\IntelliJ IDEA 2022.2.3\lib\ant" />
    <property name="sun.os.patch.level" value="" />
    <property name="target" value="target" />
    <property name="native.encoding" value="Cp1251" />
    <property name="ant.version" value="Apache Ant(TM) version 1.10.5 compiled on July 10 2018" />
    <property name="java.library.path" value="C:\Program Files\Java\jdk-17.0.4.1\bin;C:\WINDOWS\Sun\Java\bin;C:\WINDOWS\system32;C:\WINDOWS;C:\Program Files\Common Files\Oracle\Java\javapath;C:\Program Files (x86)\Common Files\Oracle\Java\javapath;C:\Windows\System32\HWAudioDriverLibs;C:\Windows\system32;C:\Windows;C:\Windows\System32\Wbem;C:\Windows\System32\WindowsPowerShell\v1.0\;C:\Windows\System32\OpenSSH\;C:\Users\Administrator\AppData\Local\Microsoft\WindowsApps;C:\Users\slava\AppData\Local\Programs\Python\Python39\Scripts;C:\Users\slava\AppData\Local\Programs\Python\Python39;C:\Program Files\nodejs\;C:\WINDOWS\system32;C:\WINDOWS;C:\WINDOWS\System32\Wbem;C:\WINDOWS\System32\WindowsPowerShell\v1.0\;C:\WINDOWS\System32\OpenSSH\;C:\WINDOWS\system32\config\systemprofile\AppData\Local\Microsoft\WindowsApps;C:\windows\system32\HWAudioDriver\;C:\Program Files\VisualSVN Server\bin;C:\Program Files\TortoiseSVN\bin;C:\Users\slava\apache-ant-1.10.14;C:\Program Files\MySQL\MySQL Shell 8.0\bin\;C:\Users\slava\AppData\Local\Microsoft\WindowsApps;C:\Users\slava\AppData\Local\Programs\Python\Python39\Scripts;C:\Users\slava\AppData\Local\Programs\MiKTeX\miktex\bin\x64\;C:\Users\slava\AppData\Local\Programs\Microsoft VS Code\bin;C:\Users\slava\AppData\Roaming\npm;C:\ProgramData\Microsoft\Windows\Start Menu\Programs\Node.js;C:\Users\slava\IdeaProjects\lab5Gradle\ert.xml;C:\ProgramData\slava\GitHubDesktop\bin;C:\Users\slava\AppData\Local\GitHubDesktop\bin;D:\CLion 2023.3.4\bin;;." />
    <property name="java.vm.info" value="mixed mode, sharing" />
    <property name="java.vendor" value="Oracle Corporation" />
    <property name="java.vm.version" value="17.0.4.1+1-LTS-2" />
    <property name="sun.io.unicode.encoding" value="UnicodeLittle" />
    <property name="remote_password" value="XWaA*2856" />
    <property name="java.class.version" value="61.0" />
    <property name="ant.project.default-target" value="build" />
  </properties>
  <testcase classname="AreaResultTest" name="getResult" time="0.0" />
  <system-out><![CDATA[]]></system-out>
  <system-err><![CDATA[]]></system-err>
</testsuite>
